Сборка начата 29.11.2023 18:37:12.
Уровень детализации журнала: Normal.     1>Проект "C:\Users\bartyy\Desktop\ЛАБЫ\ОА БЕЛОДЕД\laba7\variant4\Labaa7\Labaa7.vcxproj" в узле 2 (целевые объекты Build).
     1>InitializeBuildStatus:
         Обращение к "x64\Debug\Labaa7.tlog\unsuccessfulbuild".
       ClCompile:
         C:\Program Files\Microsoft Visual Studio\2022\Enterprise\VC\Tools\MSVC\14.37.32822\bin\HostX64\x64\CL.exe /c /ZI /JMC /nologo /W3 /WX- /diagnostics:column /sdl /Od /D _DEBUG /D _CONSOLE /D _UNICODE /D UNICODE /Gm- /EHsc /RTC1 /MDd /GS /fp:precise /Zc:wchar_t /Zc:forScope /Zc:inline /permissive- /Fo"x64\Debug\\" /Fd"x64\Debug\vc143.pdb" /external:W3 /Gd /TP /FC /errorReport:prompt Labaa7.cpp
         Labaa7.cpp
     1>C:\Users\bartyy\Desktop\ЛАБЫ\ОА БЕЛОДЕД\laba7\variant4\Labaa7\Labaa7.cpp(6,17): warning C4305: инициализация: усечение из "double" в "float"
     1>C:\Users\bartyy\Desktop\ЛАБЫ\ОА БЕЛОДЕД\laba7\variant4\Labaa7\Labaa7.cpp(16,11): warning C4305: +=: усечение из "double" в "float"
     1>C:\Users\bartyy\Desktop\ЛАБЫ\ОА БЕЛОДЕД\laba7\variant4\Labaa7\Labaa7.cpp(12): error C4700: использована неинициализированная локальная переменная "sum"
     1>Сборка проекта "C:\Users\bartyy\Desktop\ЛАБЫ\ОА БЕЛОДЕД\laba7\variant4\Labaa7\Labaa7.vcxproj" завершена (целевые объекты Build) с ошибкой.

Ошибка сборки.

       "C:\Users\bartyy\Desktop\ЛАБЫ\ОА БЕЛОДЕД\laba7\variant4\Labaa7\Labaa7.vcxproj" (целевой объект Build ) (1) ->
       (Целевой объект ClCompile) -> 
         C:\Users\bartyy\Desktop\ЛАБЫ\ОА БЕЛОДЕД\laba7\variant4\Labaa7\Labaa7.cpp(6,17): warning C4305: инициализация: усечение из "double" в "float"
         C:\Users\bartyy\Desktop\ЛАБЫ\ОА БЕЛОДЕД\laba7\variant4\Labaa7\Labaa7.cpp(16,11): warning C4305: +=: усечение из "double" в "float"


       "C:\Users\bartyy\Desktop\ЛАБЫ\ОА БЕЛОДЕД\laba7\variant4\Labaa7\Labaa7.vcxproj" (целевой объект Build ) (1) ->
       (Целевой объект ClCompile) -> 
         C:\Users\bartyy\Desktop\ЛАБЫ\ОА БЕЛОДЕД\laba7\variant4\Labaa7\Labaa7.cpp(12): error C4700: использована неинициализированная локальная переменная "sum"

    Предупреждений: 2
    Ошибок: 1

Прошло времени 00:00:00.35
